{
  "RSpec": {
    "coverage": {
      "/Users/empath/Desktop/growth/mediaum-api/spec/models/article_spec.rb": [
        1,
        null,
        1,
        1,
        2,
        2,
        2,
        2,
        null,
        null
      ],
      "/Users/empath/Desktop/growth/mediaum-api/spec/rails_helper.rb": [
        null,
        1,
        1,
        1,
        1,
        null,
        1,
        null,
        null,
        1,
        1,
        null,
        null,
        null,
        null,
        null,
        null,
        null,
        null,
        null,
        null,
        null,
        null,
        null,
        null,
        null,
        null,
        null,
        null,
        null,
        1,
        1,
        null,
        0,
        0,
        null,
        null,
        1,
        1,
        1,
        1,
        null,
        null,
        null,
        1,
        null,
        1,
        null,
        null,
        null,
        null,
        1,
        null,
        1,
        1,
        null,
        null,
        1,
        20,
        null,
        null,
        1,
        0,
        null,
        null,
        1,
        20,
        null,
        null,
        1,
        20,
        null,
        null,
        1,
        7,
        null,
        null,
        1,
        7,
        null,
        null,
        null,
        null,
        null,
        null,
        null,
        null,
        null,
        null,
        null,
        null,
        null,
        null,
        null,
        1,
        null,
        null,
        1,
        null,
        null,
        null
      ],
      "/Users/empath/Desktop/growth/mediaum-api/config/environment.rb": [
        null,
        1,
        null,
        null,
        1
      ],
      "/Users/empath/Desktop/growth/mediaum-api/config/application.rb": [
        1,
        null,
        1,
        null,
        1,
        1,
        1,
        1,
        1,
        1,
        1,
        1,
        1,
        1,
        1,
        null,
        null,
        null,
        null,
        null,
        1,
        null,
        1,
        1,
        1,
        null,
        1,
        null,
        null,
        null,
        null,
        null,
        null,
        null,
        null,
        null,
        1,
        null,
        1,
        null,
        1,
        null,
        null
      ],
      "/Users/empath/Desktop/growth/mediaum-api/config/boot.rb": [
        1,
        null,
        1,
        1
      ],
      "/Users/empath/Desktop/growth/mediaum-api/config/spring.rb": [
        1,
        null,
        null,
        null,
        null,
        null
      ],
      "/Users/empath/Desktop/growth/mediaum-api/config/environments/test.rb": [
        null,
        null,
        null,
        null,
        null,
        1,
        null,
        null,
        1,
        null,
        null,
        null,
        null,
        1,
        null,
        null,
        1,
        1,
        null,
        null,
        null,
        null,
        1,
        1,
        1,
        null,
        null,
        1,
        null,
        null,
        1,
        null,
        null,
        1,
        null,
        1,
        null,
        null,
        null,
        null,
        1,
        null,
        null,
        1,
        null,
        null,
        null,
        null
      ],
      "/Users/empath/Desktop/growth/mediaum-api/config/initializers/application_controller_renderer.rb": [
        null,
        null,
        null,
        null,
        null,
        null,
        null,
        null
      ],
      "/Users/empath/Desktop/growth/mediaum-api/config/initializers/backtrace_silencers.rb": [
        null,
        null,
        null,
        null,
        null,
        null,
        null
      ],
      "/Users/empath/Desktop/growth/mediaum-api/config/initializers/cors.rb": [
        null,
        null,
        null,
        null,
        null,
        null,
        null,
        null,
        null,
        null,
        null,
        null,
        null,
        null,
        null,
        null
      ],
      "/Users/empath/Desktop/growth/mediaum-api/config/initializers/filter_parameter_logging.rb": [
        null,
        null,
        null,
        1
      ],
      "/Users/empath/Desktop/growth/mediaum-api/config/initializers/inflections.rb": [
        null,
        null,
        null,
        null,
        null,
        null,
        null,
        null,
        null,
        null,
        null,
        null,
        null,
        null,
        null,
        null
      ],
      "/Users/empath/Desktop/growth/mediaum-api/config/initializers/mime_types.rb": [
        null,
        null,
        null,
        null
      ],
      "/Users/empath/Desktop/growth/mediaum-api/config/initializers/wrap_parameters.rb": [
        null,
        null,
        null,
        null,
        null,
        null,
        1,
        1,
        null,
        null,
        null,
        null,
        null,
        null
      ],
      "/Users/empath/Desktop/growth/mediaum-api/spec/factories/factories.rb": [
        null,
        null,
        null
      ],
      "/Users/empath/Desktop/growth/mediaum-api/spec/factories/users.rb": [
        1,
        1,
        1,
        1,
        1,
        1,
        null,
        null
      ],
      "/Users/empath/Desktop/growth/mediaum-api/config/routes.rb": [
        1,
        null,
        null
      ],
      "/Users/empath/Desktop/growth/mediaum-api/app/models/article.rb": [
        1,
        1,
        1,
        1,
        1,
        null
      ],
      "/Users/empath/Desktop/growth/mediaum-api/app/models/application_record.rb": [
        1,
        1,
        null
      ],
      "/Users/empath/Desktop/growth/mediaum-api/spec/models/assignment_spec.rb": [
        1,
        null,
        1,
        1,
        2,
        2,
        null,
        null
      ],
      "/Users/empath/Desktop/growth/mediaum-api/app/models/assignment.rb": [
        1,
        1,
        1,
        null
      ],
      "/Users/empath/Desktop/growth/mediaum-api/spec/models/bookmark_spec.rb": [
        1,
        null,
        1,
        1,
        2,
        null,
        null
      ],
      "/Users/empath/Desktop/growth/mediaum-api/app/models/bookmark.rb": [
        1,
        1,
        null
      ],
      "/Users/empath/Desktop/growth/mediaum-api/spec/models/response_spec.rb": [
        1,
        null,
        1,
        1,
        2,
        2,
        null,
        null
      ],
      "/Users/empath/Desktop/growth/mediaum-api/app/models/response.rb": [
        1,
        1,
        1,
        null
      ],
      "/Users/empath/Desktop/growth/mediaum-api/spec/models/role_spec.rb": [
        1,
        null,
        1,
        1,
        2,
        2,
        null,
        null,
        null
      ],
      "/Users/empath/Desktop/growth/mediaum-api/app/models/role.rb": [
        1,
        1,
        null
      ],
      "/Users/empath/Desktop/growth/mediaum-api/spec/models/tag_spec.rb": [
        1,
        null,
        1,
        1,
        2,
        null,
        null
      ],
      "/Users/empath/Desktop/growth/mediaum-api/app/models/tag.rb": [
        1,
        1,
        null
      ],
      "/Users/empath/Desktop/growth/mediaum-api/spec/models/user_spec.rb": [
        1,
        null,
        1,
        1,
        2,
        2,
        2,
        2,
        2,
        2,
        2,
        2,
        null,
        null
      ],
      "/Users/empath/Desktop/growth/mediaum-api/app/models/user.rb": [
        1,
        1,
        1,
        1,
        1,
        null,
        1,
        1,
        1,
        1,
        null
      ]
    },
    "timestamp": 1574095104
  }
}
