{
  "RSpec": {
    "coverage": {
      "/Users/empath/Desktop/growth/mediaum-api/spec/auth/authenticate_user_spec.rb": [
        1,
        null,
        1,
        2,
        2,
        2,
        null,
        1,
        1,
        1,
        1,
        1,
        null,
        null,
        null,
        1,
        1,
        2,
        null,
        null,
        null,
        null,
        null,
        null,
        null,
        null
      ],
      "/Users/empath/Desktop/growth/mediaum-api/spec/rails_helper.rb": [
        null,
        1,
        1,
        1,
        1,
        null,
        1,
        null,
        null,
        1,
        1,
        null,
        null,
        null,
        null,
        null,
        null,
        null,
        null,
        null,
        null,
        null,
        null,
        null,
        null,
        null,
        3,
        null,
        null,
        null,
        1,
        1,
        null,
        0,
        0,
        null,
        null,
        1,
        1,
        1,
        1,
        null,
        null,
        null,
        1,
        null,
        1,
        null,
        1,
        null,
        null,
        null,
        1,
        null,
        1,
        1,
        null,
        null,
        1,
        36,
        null,
        null,
        1,
        0,
        null,
        null,
        1,
        36,
        null,
        null,
        1,
        36,
        null,
        null,
        1,
        13,
        null,
        null,
        1,
        13,
        null,
        null,
        null,
        null,
        null,
        1,
        1,
        null,
        null,
        null,
        null,
        null,
        null,
        null,
        null,
        null,
        null,
        1,
        null,
        null,
        1,
        null,
        null,
        null
      ],
      "/Users/empath/Desktop/growth/mediaum-api/config/environment.rb": [
        null,
        1,
        null,
        null,
        1
      ],
      "/Users/empath/Desktop/growth/mediaum-api/config/application.rb": [
        1,
        null,
        1,
        null,
        1,
        1,
        1,
        1,
        1,
        1,
        1,
        1,
        1,
        1,
        1,
        null,
        null,
        null,
        null,
        null,
        1,
        null,
        1,
        1,
        1,
        null,
        1,
        null,
        null,
        null,
        null,
        null,
        null,
        null,
        null,
        null,
        1,
        null,
        1,
        null,
        1,
        null,
        null
      ],
      "/Users/empath/Desktop/growth/mediaum-api/config/boot.rb": [
        1,
        null,
        1,
        1
      ],
      "/Users/empath/Desktop/growth/mediaum-api/config/spring.rb": [
        1,
        null,
        null,
        null,
        null,
        null
      ],
      "/Users/empath/Desktop/growth/mediaum-api/config/environments/test.rb": [
        null,
        null,
        null,
        null,
        null,
        1,
        null,
        null,
        1,
        null,
        null,
        null,
        null,
        1,
        null,
        null,
        1,
        1,
        null,
        null,
        null,
        null,
        1,
        1,
        1,
        null,
        null,
        1,
        null,
        null,
        1,
        null,
        null,
        1,
        null,
        1,
        null,
        null,
        null,
        null,
        1,
        null,
        null,
        1,
        null,
        null,
        null,
        null
      ],
      "/Users/empath/Desktop/growth/mediaum-api/config/initializers/application_controller_renderer.rb": [
        null,
        null,
        null,
        null,
        null,
        null,
        null,
        null
      ],
      "/Users/empath/Desktop/growth/mediaum-api/config/initializers/backtrace_silencers.rb": [
        null,
        null,
        null,
        null,
        null,
        null,
        null
      ],
      "/Users/empath/Desktop/growth/mediaum-api/config/initializers/cors.rb": [
        null,
        null,
        null,
        null,
        null,
        null,
        null,
        null,
        null,
        null,
        null,
        null,
        null,
        null,
        null,
        null
      ],
      "/Users/empath/Desktop/growth/mediaum-api/config/initializers/filter_parameter_logging.rb": [
        null,
        null,
        null,
        1
      ],
      "/Users/empath/Desktop/growth/mediaum-api/config/initializers/inflections.rb": [
        null,
        null,
        null,
        null,
        null,
        null,
        null,
        null,
        null,
        null,
        null,
        null,
        null,
        null,
        null,
        null
      ],
      "/Users/empath/Desktop/growth/mediaum-api/config/initializers/mime_types.rb": [
        null,
        null,
        null,
        null
      ],
      "/Users/empath/Desktop/growth/mediaum-api/config/initializers/wrap_parameters.rb": [
        null,
        null,
        null,
        null,
        null,
        null,
        1,
        2,
        null,
        null,
        null,
        null,
        null,
        null
      ],
      "/Users/empath/Desktop/growth/mediaum-api/spec/factories/articles.rb": [
        1,
        1,
        1,
        1,
        null,
        null
      ],
      "/Users/empath/Desktop/growth/mediaum-api/spec/factories/comments.rb": [
        1,
        1,
        1,
        1,
        null,
        null
      ],
      "/Users/empath/Desktop/growth/mediaum-api/spec/factories/factories.rb": [
        null,
        null,
        null
      ],
      "/Users/empath/Desktop/growth/mediaum-api/spec/factories/users.rb": [
        1,
        1,
        16,
        16,
        16,
        16,
        null,
        null
      ],
      "/Users/empath/Desktop/growth/mediaum-api/config/routes.rb": [
        1,
        null,
        1,
        1,
        1,
        1,
        null,
        1,
        1,
        null
      ],
      "/Users/empath/Desktop/growth/mediaum-api/spec/support/controller_spec_helper.rb": [
        1,
        1,
        10,
        null,
        null,
        1,
        1,
        null,
        null,
        1,
        7,
        null,
        null,
        null,
        null,
        null,
        1,
        0,
        null,
        null,
        null,
        null,
        null
      ],
      "/Users/empath/Desktop/growth/mediaum-api/spec/support/request_spec_helper.rb": [
        1,
        1,
        5,
        null,
        null
      ],
      "/Users/empath/Desktop/growth/mediaum-api/app/auth/authenticate_user.rb": [
        1,
        1,
        7,
        7,
        null,
        null,
        1,
        7,
        null,
        null,
        1,
        null,
        1,
        null,
        1,
        12,
        12,
        null,
        2,
        null,
        null
      ],
      "/Users/empath/Desktop/growth/mediaum-api/spec/auth/authorize_api_request_spec.rb": [
        1,
        null,
        1,
        null,
        3,
        2,
        2,
        2,
        null,
        1,
        1,
        1,
        1,
        1,
        null,
        null,
        null,
        1,
        1,
        1,
        2,
        null,
        null,
        null,
        null,
        1,
        1,
        1,
        null,
        null,
        1,
        2,
        null,
        null,
        null,
        null,
        1,
        2,
        2,
        null,
        1,
        2,
        null,
        null,
        null,
        null,
        null,
        null,
        null,
        1,
        2,
        2,
        null,
        1,
        2,
        null,
        null,
        null,
        null,
        null,
        null,
        null,
        null,
        null
      ],
      "/Users/empath/Desktop/growth/mediaum-api/app/auth/authorize_api_request.rb": [
        1,
        1,
        7,
        null,
        null,
        1,
        7,
        null,
        null,
        null,
        null,
        1,
        null,
        1,
        null,
        1,
        7,
        null,
        1,
        null,
        1,
        null,
        null,
        null,
        1,
        10,
        null,
        null,
        1,
        7,
        5,
        null,
        2,
        null,
        null
      ],
      "/Users/empath/Desktop/growth/mediaum-api/spec/controllers/application_controller_spec.rb": [
        1,
        null,
        1,
        3,
        2,
        2,
        null,
        1,
        1,
        2,
        null,
        1,
        2,
        null,
        null,
        null,
        1,
        1,
        1,
        null,
        null,
        1,
        3,
        null,
        null,
        null,
        null,
        null
      ],
      "/Users/empath/Desktop/growth/mediaum-api/app/controllers/application_controller.rb": [
        1,
        1,
        1,
        null,
        1,
        1,
        null,
        1,
        null,
        1,
        2,
        null,
        null
      ],
      "/Users/empath/Desktop/growth/mediaum-api/app/controllers/concerns/json_response.rb": [
        1,
        1,
        7,
        null,
        null
      ],
      "/Users/empath/Desktop/growth/mediaum-api/app/controllers/concerns/exception_handler.rb": [
        1,
        1,
        1,
        1,
        1,
        null,
        1,
        1,
        1,
        1,
        1,
        null,
        1,
        0,
        null,
        null,
        null,
        1,
        null,
        1,
        2,
        null,
        null,
        1,
        1,
        null,
        null
      ],
      "/Users/empath/Desktop/growth/mediaum-api/spec/controllers/authentication_controller_spec.rb": [
        1,
        null,
        1,
        null
      ],
      "/Users/empath/Desktop/growth/mediaum-api/app/controllers/authentication_controller.rb": [
        1,
        1,
        null,
        1,
        2,
        null,
        1,
        null,
        null,
        1,
        null,
        1,
        4,
        null,
        null
      ],
      "/Users/empath/Desktop/growth/mediaum-api/spec/controllers/users_controller_spec.rb": [
        1,
        null,
        1,
        null,
        null
      ],
      "/Users/empath/Desktop/growth/mediaum-api/app/controllers/users_controller.rb": [
        1,
        1,
        1,
        5,
        3,
        3,
        3,
        null,
        null,
        1,
        null,
        1,
        5,
        null,
        null
      ],
      "/Users/empath/Desktop/growth/mediaum-api/spec/models/article_spec.rb": [
        1,
        null,
        1,
        1,
        2,
        2,
        2,
        2,
        null,
        null
      ],
      "/Users/empath/Desktop/growth/mediaum-api/app/models/article.rb": [
        1,
        1,
        1,
        1,
        1,
        null
      ],
      "/Users/empath/Desktop/growth/mediaum-api/app/models/application_record.rb": [
        1,
        1,
        null
      ],
      "/Users/empath/Desktop/growth/mediaum-api/spec/models/assignment_spec.rb": [
        1,
        null,
        1,
        1,
        2,
        2,
        null,
        null
      ],
      "/Users/empath/Desktop/growth/mediaum-api/app/models/assignment.rb": [
        1,
        1,
        1,
        null
      ],
      "/Users/empath/Desktop/growth/mediaum-api/spec/models/bookmark_spec.rb": [
        1,
        null,
        1,
        1,
        2,
        null,
        null
      ],
      "/Users/empath/Desktop/growth/mediaum-api/app/models/bookmark.rb": [
        1,
        1,
        null
      ],
      "/Users/empath/Desktop/growth/mediaum-api/spec/models/response_spec.rb": [
        1,
        null,
        1,
        2,
        2,
        null
      ],
      "/Users/empath/Desktop/growth/mediaum-api/app/models/response.rb": [
        1,
        1,
        1,
        1,
        null
      ],
      "/Users/empath/Desktop/growth/mediaum-api/spec/models/role_spec.rb": [
        1,
        null,
        1,
        1,
        2,
        2,
        null,
        null,
        null
      ],
      "/Users/empath/Desktop/growth/mediaum-api/app/models/role.rb": [
        1,
        1,
        null
      ],
      "/Users/empath/Desktop/growth/mediaum-api/spec/models/tag_spec.rb": [
        1,
        null,
        1,
        1,
        2,
        null,
        null
      ],
      "/Users/empath/Desktop/growth/mediaum-api/app/models/tag.rb": [
        1,
        1,
        null
      ],
      "/Users/empath/Desktop/growth/mediaum-api/spec/models/user_spec.rb": [
        1,
        null,
        1,
        1,
        2,
        2,
        2,
        2,
        null,
        null,
        1,
        2,
        2,
        2,
        2,
        null
      ],
      "/Users/empath/Desktop/growth/mediaum-api/app/models/user.rb": [
        1,
        1,
        1,
        1,
        1,
        1,
        null,
        1,
        1,
        null,
        null,
        1,
        null
      ],
      "/Users/empath/Desktop/growth/mediaum-api/spec/requests/authentication_spec.rb": [
        1,
        null,
        1,
        1,
        3,
        3,
        1,
        null,
        null,
        null,
        1,
        null,
        1,
        null,
        null,
        null,
        1,
        null,
        null,
        1,
        2,
        1,
        1,
        null,
        null,
        null,
        1,
        2,
        1,
        1,
        null,
        null,
        null,
        null
      ],
      "/Users/empath/Desktop/growth/mediaum-api/spec/requests/users_spec.rb": [
        1,
        null,
        1,
        6,
        6,
        1,
        3,
        null,
        null,
        1,
        1,
        4,
        null,
        1,
        1,
        null,
        null,
        1,
        1,
        null,
        null,
        1,
        1,
        null,
        null,
        null,
        1,
        3,
        null,
        1,
        1,
        null,
        null,
        1,
        1,
        null,
        null,
        null,
        null
      ],
      "/Users/empath/Desktop/growth/mediaum-api/app/lib/json_web_token.rb": [
        1,
        1,
        1,
        16,
        16,
        null,
        null,
        1,
        5,
        3,
        null,
        2,
        null,
        null,
        null
      ],
      "/Users/empath/Desktop/growth/mediaum-api/app/lib/message.rb": [
        1,
        1,
        0,
        null,
        null,
        1,
        2,
        null,
        null,
        1,
        1,
        null,
        null,
        1,
        2,
        null,
        null,
        1,
        0,
        null,
        null,
        1,
        3,
        null,
        null,
        1,
        0,
        null,
        null,
        1,
        0,
        null,
        null
      ]
    },
    "timestamp": 1579608559
  }
}
